### CustomExplorer log file, revision E-2011.03-1 (build 1103) ###
### created at 14:57:08 on Sat Sep 23 2017 (Linux AMD64) ###
wv_start_log
# (0) running in waveview only mode
# (0) HOME defined
wv_move_window CustomWaveView 0 0
wv_resize_window CustomWaveView 800 400
wv_move_window CustomWaveView 509 68
wv_resize_window CustomWaveView 878 549
wv_resize_window CustomWaveView 800 400
wv_resize_window CustomWaveView 878 549
wv_select_toolbar_item {Import Waveform File}
wv_select_dialog FileDialog
wv_set_text FileDialog.FileName {}
wv_select_list_item FileDialog.FileList inverter_simcap.raw
wv_dclick_list_item FileDialog.FileList inverter_simcap.raw
wv_select_list_item FileDialog.FileList Freq.ac
wv_dclick_list_item FileDialog.FileList Freq.ac
wv_select_hierview_item {FILE0:D0:Freq.ac}
wv_dclick_hierview_item {FILE0:D0:Freq.ac}
wv_select_hierview_item {FILE0:D0:Freq.ac} {toplevel}
wv_select_sigview_item R1:1
wv_select_sigview_item R1:1
wv_dclick_sigview_item R1:1
wv_select_sigview_item R1:1
wv_select_menu_item {Tools} {Measurement ...}
wv_move_dialog MeasurementTool 519 45
wv_select_dialog MeasurementTool
wv_select_tab MeasurementTool.TabCtrl 1
wv_set_radio MeasurementTool.Data
wv_press_button MeasurementTool.AllOk
wv_select_wv_item WV1.MEAS1
wv_drag_item_to WV1 268 215
wv_move_wv_item WV1.MEAS1 191 224
wv_press_key Ctrl_P
wv_move_dialog PrintSetup 717 47
wv_select_dialog PrintSetup
wv_set_check PrintSetup.PrintToFile 1
wv_press_button PrintSetup.PathBrowser
wv_select_dialog FileDialog
wv_set_text FileDialog.FileName {}
wv_press_button FileDialog.Up
wv_press_button FileDialog.Up
wv_press_button FileDialog.Up
wv_select_list_item FileDialog.FileList lab3
wv_dclick_list_item FileDialog.FileList lab3
wv_select_list_item FileDialog.FileList XOR_falling_delay
wv_select_list_item FileDialog.FileList NAND_ac
wv_set_text FileDialog.FileName {Inverter_ac}
wv_press_button FileDialog.Ok
wv_select_dialog PrintSetup
wv_press_button PrintSetup.Print
wv_close_window CustomWaveView
wv_move_dialog Confirmation 851 293
wv_select_dialog Confirmation
# wv_press_button Confirmation.Ok
