@(#)$CDS: LVS version 6.1.7-64b 01/24/2017 19:46 (sjfhw310) $

Command line: /softwares/Linux/cadence/IC617/tools.lnx86/dfII/bin/64bit/LVS -dir /home/ugrads/a/albertzong/ECEN454/Lab1/LVS -l -s -t /home/ugrads/a/albertzong/ECEN454/Lab1/LVS/layout /home/ugrads/a/albertzong/ECEN454/Lab1/LVS/schematic
Like matching is enabled.
Net swapping is enabled.
Using terminal names as correspondence points.
Compiling Diva LVS rules...

    Net-list summary for /home/ugrads/a/albertzong/ECEN454/Lab1/LVS/layout/netlist
       count
        13              nets
        6               terminals
        10              pmos
        10              nmos

    Net-list summary for /home/ugrads/a/albertzong/ECEN454/Lab1/LVS/schematic/netlist
       count
        13              nets
        6               terminals
        10              pmos
        10              nmos


    Terminal correspondence points
    N10       N2        CLK
    N11       N11       D
    N7        N5        GND
    N8        N12       Q
    N12       N8        VDD
    N9        N10       _CLK

Devices in the rules but not in the netlist:
        cap nfet pfet nmos4 pmos4

The net-lists match.

                             layout  schematic
                                instances
        un-matched              0       0      
        rewired                 0       0      
        size errors             0       0      
        pruned                  0       0      
        active                  20      20     
        total                   20      20     

                                  nets
        un-matched              0       0      
        merged                  0       0      
        pruned                  0       0      
        active                  13      13     
        total                   13      13     

                                terminals
        un-matched              0       0      
        matched but
        different type          0       0      
        total                   6       6      


Probe files from /home/ugrads/a/albertzong/ECEN454/Lab1/LVS/schematic

devbad.out:

netbad.out:

mergenet.out:

termbad.out:

prunenet.out:

prunedev.out:

audit.out:


Probe files from /home/ugrads/a/albertzong/ECEN454/Lab1/LVS/layout

devbad.out:

netbad.out:

mergenet.out:

termbad.out:

prunenet.out:

prunedev.out:

audit.out:
